[2188:18768:1005/031326.269:WARNING:chrome_main_delegate.cc(609)] This is Chrome version 117.0.5938.134 (not a warning)
[2188:18768:1005/031326.317:INFO:policy_logger.cc(142)] :components\enterprise\browser\controller\chrome_browser_cloud_management_controller.cc(168) Starting CBCM Controller Initialization
[2188:18768:1005/031326.317:INFO:policy_logger.cc(142)] :components\enterprise\browser\controller\chrome_browser_cloud_management_controller.cc(196) No machine level policy manager exists.
[2188:18768:1005/031334.409:INFO:CONSOLE(0)] "The resource https://www.gstatic.com/android-messages-web/images/2022.3/inactive_96.png was preloaded using link preload but not used within a few seconds from the window's load event. Please make sure it has an appropriate `as` value and it is preloaded intentionally.", source: https://messages.google.com/web/authentication (0)
[2188:18768:1005/031334.409:INFO:CONSOLE(0)] "The resource https://www.gstatic.com/android-messages-web/images/2022.3/inactive_512.png was preloaded using link preload but not used within a few seconds from the window's load event. Please make sure it has an appropriate `as` value and it is preloaded intentionally.", source: https://messages.google.com/web/authentication (0)
[2188:18768:1005/031335.735:INFO:CONSOLE(210)] "Event handler of 'error' event must be added on the initial evaluation of worker script.", source: https://www.gstatic.com/_/messagesweb/_/js/k=messagesweb.sw.es.ExM53sJMg_g.O/d=1/rs=AIp04d_9KVqkmxXq5u8ySp8iKvZ2PEUxsA/m=sw (210)
[2188:18768:1005/031335.735:INFO:CONSOLE(210)] "Event handler of 'unhandledrejection' event must be added on the initial evaluation of worker script.", source: https://www.gstatic.com/_/messagesweb/_/js/k=messagesweb.sw.es.ExM53sJMg_g.O/d=1/rs=AIp04d_9KVqkmxXq5u8ySp8iKvZ2PEUxsA/m=sw (210)
[2188:18768:1005/031335.745:INFO:CONSOLE(210)] "Event handler of 'online' event must be added on the initial evaluation of worker script.", source: https://www.gstatic.com/_/messagesweb/_/js/k=messagesweb.sw.es.ExM53sJMg_g.O/d=1/rs=AIp04d_9KVqkmxXq5u8ySp8iKvZ2PEUxsA/m=sw (210)
[2188:18768:1005/031335.745:INFO:CONSOLE(210)] "Event handler of 'offline' event must be added on the initial evaluation of worker script.", source: https://www.gstatic.com/_/messagesweb/_/js/k=messagesweb.sw.es.ExM53sJMg_g.O/d=1/rs=AIp04d_9KVqkmxXq5u8ySp8iKvZ2PEUxsA/m=sw (210)
[2188:18768:1005/031336.777:INFO:CONSOLE(1)] "Uncaught (in promise) SyntaxError: Unexpected non-whitespace character after JSON at position 12 (line 1 column 13)", source: https://messages.google.com/web/serviceworker-bundle.js (1)
[2188:18768:1005/031339.187:INFO:CONSOLE(539)] "Uncaught (in promise) Error: le", source: https://www.gstatic.com/_/messagesweb/_/js/k=messagesweb.mw.es.lr1jL6mv5TU.O/am=AAQAAgAI/d=0/rs=AIp04d8EIqhR6BLl0PFEQH7WnGHLLMqwUg/m=sy17,sy1b,syv,sy2d,sy3e,sy23,sy3i,sy3j,sy1y,sy2w,sy26,sy2u,sy2v,sy2k,sy2q,sy34,sy36,syx,syy,sy2i,sy2e,sy3a,sy3t,sy3c,sy11,sy1z,sy2y,sy32,sy2z,sy2j,sy2p,sy33,sy2x,sy2r,sy35,sy2f,sy3p,sy3s,sy21,sy2h,sy2m,sy2s,sy2t,sy31,sy3d,sy3r,syw,sy10,sy24,sy25,sy22,sy27,sy28,sy2a,sy2b,sy2c,sy29,sy49,sy4a,sy4k,sy4o,sy3w,sy3v,sy3h,sy3y,sy40,sy44,sy4b,sy4m,sy46,sy50,sy39,sy3m,sy3o,sy4t,sy4s,sy51,sy53,sy54,sy52,sy55,sy4x,sy56,sy57,sy58,sy4v,sy45,sy4w,sy5b,sy5c,sy5d,sy4z,sy59,sy5e,sy5a,sy5g,sy3z,sy5j,sy5h,sy5i,sy5k,sy5l,sy5m,sy5n?wli=mw.VLN2ry74-uI.scytaleWasm%3A%3B (539)
[2188:18768:1005/031342.455:WARNING:controller_impl.cc(1188)] Background download complete, client: 6, completion type: 0, file size:265059
[2188:18768:1005/031342.705:WARNING:controller_impl.cc(1188)] Background download complete, client: 6, completion type: 0, file size:5085
[2188:18768:1005/031343.089:WARNING:download_manager_impl.cc(710)] A download with the same GUID already exists, the new request is ignored.
[2188:18768:1005/031343.291:WARNING:controller_impl.cc(1188)] Background download complete, client: 6, completion type: 0, file size:45103
[2188:18768:1005/031409.755:WARNING:controller_impl.cc(1188)] Background download complete, client: 6, completion type: 0, file size:31507869
[2188:18656:1005/031716.491:WARNING:page_discarding_helper.cc(126)] Discarding multiple pages with target (kb): 0
[2188:18656:1005/031746.500:WARNING:page_discarding_helper.cc(126)] Discarding multiple pages with target (kb): 0
[2188:15952:1005/031811.525:WARNING:page_discarding_helper.cc(126)] Discarding multiple pages with target (kb): 0
[2188:18656:1005/031831.532:WARNING:page_discarding_helper.cc(126)] Discarding multiple pages with target (kb): 0
[2188:17036:1005/031836.533:WARNING:page_discarding_helper.cc(126)] Discarding multiple pages with target (kb): 0
[2188:18656:1005/031856.560:WARNING:page_discarding_helper.cc(126)] Discarding multiple pages with target (kb): 0
[2188:18656:1005/031906.564:WARNING:page_discarding_helper.cc(126)] Discarding multiple pages with target (kb): 0
[2188:17036:1005/032016.611:WARNING:page_discarding_helper.cc(126)] Discarding multiple pages with target (kb): 0
[2188:18656:1005/032036.630:WARNING:page_discarding_helper.cc(126)] Discarding multiple pages with target (kb): 0
[2188:18656:1005/032046.647:WARNING:page_discarding_helper.cc(126)] Discarding multiple pages with target (kb): 0
[2188:17036:1005/032126.687:WARNING:page_discarding_helper.cc(126)] Discarding multiple pages with target (kb): 0
[2188:18656:1005/032226.740:WARNING:page_discarding_helper.cc(126)] Discarding multiple pages with target (kb): 0
[2188:18656:1005/032657.003:WARNING:page_discarding_helper.cc(126)] Discarding multiple pages with target (kb): 0
[2188:18656:1005/032707.014:WARNING:page_discarding_helper.cc(126)] Discarding multiple pages with target (kb): 0
[2188:18656:1005/032802.047:WARNING:page_discarding_helper.cc(126)] Discarding multiple pages with target (kb): 0
[2188:18656:1005/032812.048:WARNING:page_discarding_helper.cc(126)] Discarding multiple pages with target (kb): 0
[2188:17036:1005/032817.044:WARNING:page_discarding_helper.cc(126)] Discarding multiple pages with target (kb): 0
[2188:18768:1005/032821.627:WARNING:pref_notifier_impl.cc(41)] Pref observer for media_router.cast_allow_all_ips found at shutdown.
